<?xml version="1.0" encoding="UTF-8"?>
<!-- Generated by org.testng.reporters.JUnitReportReporter -->
<testsuite skipped="0" hostname="DESKTOP-LNRDFPH" name="testClasses.KiteLoginTest1" tests="1" failures="0" timestamp="2022-08-04T11:59:12 IST" time="5.520" errors="0">
  <testcase name="onlyusername" time="5.520" classname="testClasses.KiteLoginTest1"/>
  <system-out/>
</testsuite> <!-- testClasses.KiteLoginTest1 -->
