<?xml version="1.0" encoding="UTF-8"?>
<!-- Generated by org.testng.reporters.JUnitReportReporter -->
<testsuite skipped="0" hostname="DESKTOP-LNRDFPH" name="testClasses.KiteLoginTest2" tests="1" failures="0" timestamp="2022-07-21T22:18:45 IST" time="4.268" errors="0">
  <testcase name="m1" time="4.268" classname="testClasses.KiteLoginTest2"/>
  <system-out>
    <![CDATA[TC is running]]>
  </system-out>
</testsuite> <!-- testClasses.KiteLoginTest2 -->
